<?xml version="1.0" encoding="UTF-8"?>
<coverage generated="1720000000">
  <!-- Minimal Clover WITHOUT a project-level <metrics> node (only a <project>
       wrapper and per-file <metrics> nodes). For this input the script must
       fall back to summing /file/metrics. Sum = 60+40 = 100 statements /
       40+35 = 75 covered, matching tests/Fixtures/clover-small.xml so both
       paths converge on the same 75.00%. -->
  <project timestamp="1720000000">
    <file name="/path/to/SampleCalculator.php">
      <metrics statements="60" coveredstatements="40" />
    </file>
    <file name="/path/to/SampleFormatter.php">
      <metrics statements="40" coveredstatements="35" />
    </file>
  </project>
</coverage>
